<?xml version="1.0" encoding="UTF-8"?>
<testng-results skipped="0" failed="0" ignored="0" total="2" passed="2">
  <reporter-output>
  </reporter-output>
  <suite name="Suite" duration-ms="850" started-at="2020-01-08T00:17:26 EST" finished-at="2020-01-08T00:17:27 EST">
    <groups>
    </groups>
    <test name="Test" duration-ms="850" started-at="2020-01-08T00:17:26 EST" finished-at="2020-01-08T00:17:27 EST">
      <class name="dbtest.DbConnectiontest">
        <test-method status="PASS" signature="readFromTable()[pri:0, instance:dbtest.DbConnectiontest@20398b7c]" name="readFromTable" duration-ms="791" started-at="2020-01-08T00:17:26 EST" finished-at="2020-01-08T00:17:27 EST">
          <reporter-output>
          </reporter-output>
        </test-method> <!-- readFromTable -->
        <test-method status="PASS" signature="testMYSQLConnectivity()[pri:0, instance:dbtest.DbConnectiontest@20398b7c]" name="testMYSQLConnectivity" duration-ms="20" started-at="2020-01-08T00:17:27 EST" finished-at="2020-01-08T00:17:27 EST">
          <reporter-output>
          </reporter-output>
        </test-method> <!-- testMYSQLConnectivity -->
      </class> <!-- dbtest.DbConnectiontest -->
    </test> <!-- Test -->
  </suite> <!-- Suite -->
</testng-results>
